<?xml version="1.0" encoding="UTF-8"?>
<!-- Generated by org.testng.reporters.JUnitXMLReporter -->
<testsuite ignored="0" hostname="Asus-Rog-Strix-G15" failures="0" tests="5" name="Test" time="69.61" errors="0" timestamp="2023-09-20T16:43:35 IST">
  <testcase classname="amazon_testng.Scenario1" name="testcase1" time="8.334"/>
  <testcase classname="amazon_testng.Scenario2" name="testcase2" time="8.448"/>
  <testcase classname="amazon_testng.Scenario3" name="testcase3" time="9.003"/>
  <testcase classname="amazon_testng.Scenario4" name="testcase4" time="8.645"/>
  <testcase classname="amazon_testng.Scenario5" name="testcase5" time="7.715"/>
</testsuite> <!-- Test -->
