<?xml version="1.0" encoding="UTF-8"?>
<testng-results ignored="0" total="1" passed="1" failed="0" skipped="0">
  <reporter-output>
  </reporter-output>
  <suite started-at="2024-03-06T13:13:14 IST" name="Default suite" finished-at="2024-03-06T13:13:19 IST" duration-ms="4094">
    <groups>
    </groups>
    <test started-at="2024-03-06T13:13:14 IST" name="Default test" finished-at="2024-03-06T13:13:19 IST" duration-ms="4094">
      <class name="GrowappSignup">
        <test-method signature="testMailExample()[pri:0, instance:GrowappSignup@35aea049]" started-at="2024-03-06T13:13:14 IST" name="testMailExample" finished-at="2024-03-06T13:13:19 IST" duration-ms="4069" status="PASS">
          <reporter-output>
          </reporter-output>
        </test-method> <!-- testMailExample -->
      </class> <!-- GrowappSignup -->
    </test> <!-- Default test -->
  </suite> <!-- Default suite -->
</testng-results>
